

Started GET "/" for 127.0.0.1 at 2015-12-16 10:43:55 -0500
Processing by Rails::WelcomeController#index as HTML
  Rendered /home/matanskii/.rbenv/versions/2.1.2/lib/ruby/gems/2.1.0/gems/railties-4.1.1/lib/rails/templates/rails/welcome/index.html.erb (9.3ms)
Completed 200 OK in 318ms (Views: 215.4ms | ActiveRecord: 0.0ms)


Started GET "/" for 127.0.0.1 at 2015-12-16 10:45:41 -0500

ActiveRecord::PendingMigrationError (

Migrations are pending. To resolve this issue, run:

	bin/rake db:migrate RAILS_ENV=development

):
  activerecord (4.1.1) lib/active_record/migration.rb:389:in `check_pending!'
  activerecord (4.1.1) lib/active_record/migration.rb:377:in `call'
  actionpack (4.1.1) lib/action_dispatch/middleware/callbacks.rb:29:in `block in call'
  activesupport (4.1.1) lib/active_support/callbacks.rb:82:in `run_callbacks'
  actionpack (4.1.1) lib/action_dispatch/middleware/callbacks.rb:27:in `call'
  actionpack (4.1.1) lib/action_dispatch/middleware/reloader.rb:73:in `call'
  actionpack (4.1.1) lib/action_dispatch/middleware/remote_ip.rb:76:in `call'
  actionpack (4.1.1) lib/action_dispatch/middleware/debug_exceptions.rb:17:in `call'
  actionpack (4.1.1) lib/action_dispatch/middleware/show_exceptions.rb:30:in `call'
  railties (4.1.1) lib/rails/rack/logger.rb:38:in `call_app'
  railties (4.1.1) lib/rails/rack/logger.rb:20:in `block in call'
  activesupport (4.1.1) lib/active_support/tagged_logging.rb:68:in `block in tagged'
  activesupport (4.1.1) lib/active_support/tagged_logging.rb:26:in `tagged'
  activesupport (4.1.1) lib/active_support/tagged_logging.rb:68:in `tagged'
  railties (4.1.1) lib/rails/rack/logger.rb:20:in `call'
  actionpack (4.1.1) lib/action_dispatch/middleware/request_id.rb:21:in `call'
  rack (1.5.5) lib/rack/methodoverride.rb:21:in `call'
  rack (1.5.5) lib/rack/runtime.rb:17:in `call'
  activesupport (4.1.1) lib/active_support/cache/strategy/local_cache_middleware.rb:26:in `call'
  rack (1.5.5) lib/rack/lock.rb:17:in `call'
  actionpack (4.1.1) lib/action_dispatch/middleware/static.rb:64:in `call'
  rack (1.5.5) lib/rack/sendfile.rb:112:in `call'
  railties (4.1.1) lib/rails/engine.rb:514:in `call'
  railties (4.1.1) lib/rails/application.rb:144:in `call'
  rack (1.5.5) lib/rack/lock.rb:17:in `call'
  rack (1.5.5) lib/rack/content_length.rb:14:in `call'
  rack (1.5.5) lib/rack/handler/webrick.rb:60:in `service'
  /home/matanskii/.rbenv/versions/2.1.2/lib/ruby/2.1.0/webrick/httpserver.rb:138:in `service'
  /home/matanskii/.rbenv/versions/2.1.2/lib/ruby/2.1.0/webrick/httpserver.rb:94:in `run'
  /home/matanskii/.rbenv/versions/2.1.2/lib/ruby/2.1.0/webrick/server.rb:295:in `block in start_thread'


  Rendered /home/matanskii/.rbenv/versions/2.1.2/lib/ruby/gems/2.1.0/gems/actionpack-4.1.1/lib/action_dispatch/middleware/templates/rescues/_source.erb (2.1ms)
  Rendered /home/matanskii/.rbenv/versions/2.1.2/lib/ruby/gems/2.1.0/gems/actionpack-4.1.1/lib/action_dispatch/middleware/templates/rescues/_trace.html.erb (11.4ms)
  Rendered /home/matanskii/.rbenv/versions/2.1.2/lib/ruby/gems/2.1.0/gems/actionpack-4.1.1/lib/action_dispatch/middleware/templates/rescues/_request_and_response.html.erb (14.7ms)
  Rendered /home/matanskii/.rbenv/versions/2.1.2/lib/ruby/gems/2.1.0/gems/actionpack-4.1.1/lib/action_dispatch/middleware/templates/rescues/diagnostics.erb within rescues/layout (109.9ms)
  [1m[36m (1181.3ms)[0m  [1mCREATE TABLE "schema_migrations" ("version" varchar(255) NOT NULL) [0m
  [1m[35m (0.2ms)[0m  select sqlite_version(*)
  [1m[36m (498.7ms)[0m  [1mCREATE UNIQUE INDEX "unique_schema_migrations" ON "schema_migrations" ("version")[0m
  [1m[35mActiveRecord::SchemaMigration Load (0.8ms)[0m  SELECT "schema_migrations".* FROM "schema_migrations"
Migrating to CreateSearches (20151216154436)
  [1m[36m (0.3ms)[0m  [1mbegin transaction[0m
  [1m[35m (1.0ms)[0m  CREATE TABLE "searches" ("id" INTEGER PRIMARY KEY AUTOINCREMENT NOT NULL, "created_at" datetime, "updated_at" datetime) 
  [1m[36mSQL (0.5ms)[0m  [1mINSERT INTO "schema_migrations" ("version") VALUES (?)[0m  [["version", "20151216154436"]]
  [1m[35m (703.9ms)[0m  commit transaction
  [1m[36mActiveRecord::SchemaMigration Load (0.2ms)[0m  [1mSELECT "schema_migrations".* FROM "schema_migrations"[0m


Started GET "/" for 127.0.0.1 at 2015-12-16 10:47:37 -0500
  [1m[36mActiveRecord::SchemaMigration Load (0.2ms)[0m  [1mSELECT "schema_migrations".* FROM "schema_migrations"[0m
Processing by Rails::WelcomeController#index as HTML
  Rendered /home/matanskii/.rbenv/versions/2.1.2/lib/ruby/gems/2.1.0/gems/railties-4.1.1/lib/rails/templates/rails/welcome/index.html.erb (0.2ms)
Completed 200 OK in 14ms (Views: 12.5ms | ActiveRecord: 0.0ms)


Started GET "/search" for 127.0.0.1 at 2015-12-16 10:47:44 -0500

ActionController::RoutingError (No route matches [GET] "/search"):
  actionpack (4.1.1) lib/action_dispatch/middleware/debug_exceptions.rb:21:in `call'
  actionpack (4.1.1) lib/action_dispatch/middleware/show_exceptions.rb:30:in `call'
  railties (4.1.1) lib/rails/rack/logger.rb:38:in `call_app'
  railties (4.1.1) lib/rails/rack/logger.rb:20:in `block in call'
  activesupport (4.1.1) lib/active_support/tagged_logging.rb:68:in `block in tagged'
  activesupport (4.1.1) lib/active_support/tagged_logging.rb:26:in `tagged'
  activesupport (4.1.1) lib/active_support/tagged_logging.rb:68:in `tagged'
  railties (4.1.1) lib/rails/rack/logger.rb:20:in `call'
  actionpack (4.1.1) lib/action_dispatch/middleware/request_id.rb:21:in `call'
  rack (1.5.5) lib/rack/methodoverride.rb:21:in `call'
  rack (1.5.5) lib/rack/runtime.rb:17:in `call'
  activesupport (4.1.1) lib/active_support/cache/strategy/local_cache_middleware.rb:26:in `call'
  rack (1.5.5) lib/rack/lock.rb:17:in `call'
  actionpack (4.1.1) lib/action_dispatch/middleware/static.rb:64:in `call'
  rack (1.5.5) lib/rack/sendfile.rb:112:in `call'
  railties (4.1.1) lib/rails/engine.rb:514:in `call'
  railties (4.1.1) lib/rails/application.rb:144:in `call'
  rack (1.5.5) lib/rack/lock.rb:17:in `call'
  rack (1.5.5) lib/rack/content_length.rb:14:in `call'
  rack (1.5.5) lib/rack/handler/webrick.rb:60:in `service'
  /home/matanskii/.rbenv/versions/2.1.2/lib/ruby/2.1.0/webrick/httpserver.rb:138:in `service'
  /home/matanskii/.rbenv/versions/2.1.2/lib/ruby/2.1.0/webrick/httpserver.rb:94:in `run'
  /home/matanskii/.rbenv/versions/2.1.2/lib/ruby/2.1.0/webrick/server.rb:295:in `block in start_thread'


  Rendered /home/matanskii/.rbenv/versions/2.1.2/lib/ruby/gems/2.1.0/gems/actionpack-4.1.1/lib/action_dispatch/middleware/templates/rescues/_trace.html.erb (2.8ms)
  Rendered /home/matanskii/.rbenv/versions/2.1.2/lib/ruby/gems/2.1.0/gems/actionpack-4.1.1/lib/action_dispatch/middleware/templates/routes/_table.html.erb (62.9ms)
  Rendered /home/matanskii/.rbenv/versions/2.1.2/lib/ruby/gems/2.1.0/gems/actionpack-4.1.1/lib/action_dispatch/middleware/templates/rescues/routing_error.html.erb within rescues/layout (149.9ms)


Started GET "/search" for 127.0.0.1 at 2015-12-16 10:49:05 -0500
Processing by SearchController#welcome as HTML
  Rendered search/welcome.html.erb within layouts/application (1.2ms)
Completed 200 OK in 3243ms (Views: 3240.3ms | ActiveRecord: 0.0ms)


Started GET "/assets/search.css?body=1" for 127.0.0.1 at 2015-12-16 10:49:08 -0500


Started GET "/assets/application.css?body=1" for 127.0.0.1 at 2015-12-16 10:49:09 -0500


Started GET "/assets/jquery_ujs.js?body=1" for 127.0.0.1 at 2015-12-16 10:49:09 -0500


Started GET "/assets/jquery.js?body=1" for 127.0.0.1 at 2015-12-16 10:49:09 -0500


Started GET "/assets/application.js?body=1" for 127.0.0.1 at 2015-12-16 10:49:09 -0500


Started GET "/assets/search.js?body=1" for 127.0.0.1 at 2015-12-16 10:49:09 -0500


Started GET "/assets/turbolinks.js?body=1" for 127.0.0.1 at 2015-12-16 10:49:09 -0500


Started GET "/search" for 127.0.0.1 at 2015-12-16 10:56:46 -0500

ActionController::RoutingError (undefined local variable or method `‘twitter_search’' for main:Object):
  app/controllers/search_controller.rb:1:in `<top (required)>'


  Rendered /home/matanskii/.rbenv/versions/2.1.2/lib/ruby/gems/2.1.0/gems/actionpack-4.1.1/lib/action_dispatch/middleware/templates/rescues/_trace.html.erb (17.8ms)
  Rendered /home/matanskii/.rbenv/versions/2.1.2/lib/ruby/gems/2.1.0/gems/actionpack-4.1.1/lib/action_dispatch/middleware/templates/routes/_route.html.erb (5.2ms)
  Rendered /home/matanskii/.rbenv/versions/2.1.2/lib/ruby/gems/2.1.0/gems/actionpack-4.1.1/lib/action_dispatch/middleware/templates/routes/_table.html.erb (16.2ms)
  Rendered /home/matanskii/.rbenv/versions/2.1.2/lib/ruby/gems/2.1.0/gems/actionpack-4.1.1/lib/action_dispatch/middleware/templates/rescues/routing_error.html.erb within rescues/layout (224.5ms)


Started GET "/search" for 127.0.0.1 at 2015-12-16 11:03:15 -0500
Processing by SearchController#welcome as HTML
  Rendered search/welcome.html.erb within layouts/application (59.4ms)
Completed 200 OK in 243ms (Views: 241.3ms | ActiveRecord: 0.0ms)


Started GET "/assets/search.css?body=1" for 127.0.0.1 at 2015-12-16 11:03:15 -0500


Started GET "/assets/application.css?body=1" for 127.0.0.1 at 2015-12-16 11:03:15 -0500


Started GET "/assets/jquery.js?body=1" for 127.0.0.1 at 2015-12-16 11:03:15 -0500


Started GET "/assets/application.js?body=1" for 127.0.0.1 at 2015-12-16 11:03:15 -0500


Started GET "/assets/search.js?body=1" for 127.0.0.1 at 2015-12-16 11:03:15 -0500


Started GET "/assets/jquery_ujs.js?body=1" for 127.0.0.1 at 2015-12-16 11:03:15 -0500


Started GET "/assets/turbolinks.js?body=1" for 127.0.0.1 at 2015-12-16 11:03:15 -0500


Started POST "/search" for 127.0.0.1 at 2015-12-16 11:03:31 -0500

ActionController::RoutingError (No route matches [POST] "/search"):
  actionpack (4.1.1) lib/action_dispatch/middleware/debug_exceptions.rb:21:in `call'
  actionpack (4.1.1) lib/action_dispatch/middleware/show_exceptions.rb:30:in `call'
  railties (4.1.1) lib/rails/rack/logger.rb:38:in `call_app'
  railties (4.1.1) lib/rails/rack/logger.rb:20:in `block in call'
  activesupport (4.1.1) lib/active_support/tagged_logging.rb:68:in `block in tagged'
  activesupport (4.1.1) lib/active_support/tagged_logging.rb:26:in `tagged'
  activesupport (4.1.1) lib/active_support/tagged_logging.rb:68:in `tagged'
  railties (4.1.1) lib/rails/rack/logger.rb:20:in `call'
  actionpack (4.1.1) lib/action_dispatch/middleware/request_id.rb:21:in `call'
  rack (1.5.5) lib/rack/methodoverride.rb:21:in `call'
  rack (1.5.5) lib/rack/runtime.rb:17:in `call'
  activesupport (4.1.1) lib/active_support/cache/strategy/local_cache_middleware.rb:26:in `call'
  rack (1.5.5) lib/rack/lock.rb:17:in `call'
  actionpack (4.1.1) lib/action_dispatch/middleware/static.rb:64:in `call'
  rack (1.5.5) lib/rack/sendfile.rb:112:in `call'
  railties (4.1.1) lib/rails/engine.rb:514:in `call'
  railties (4.1.1) lib/rails/application.rb:144:in `call'
  rack (1.5.5) lib/rack/lock.rb:17:in `call'
  rack (1.5.5) lib/rack/content_length.rb:14:in `call'
  rack (1.5.5) lib/rack/handler/webrick.rb:60:in `service'
  /home/matanskii/.rbenv/versions/2.1.2/lib/ruby/2.1.0/webrick/httpserver.rb:138:in `service'
  /home/matanskii/.rbenv/versions/2.1.2/lib/ruby/2.1.0/webrick/httpserver.rb:94:in `run'
  /home/matanskii/.rbenv/versions/2.1.2/lib/ruby/2.1.0/webrick/server.rb:295:in `block in start_thread'


  Rendered /home/matanskii/.rbenv/versions/2.1.2/lib/ruby/gems/2.1.0/gems/actionpack-4.1.1/lib/action_dispatch/middleware/templates/rescues/_trace.html.erb (3.5ms)
  Rendered /home/matanskii/.rbenv/versions/2.1.2/lib/ruby/gems/2.1.0/gems/actionpack-4.1.1/lib/action_dispatch/middleware/templates/routes/_route.html.erb (14.8ms)
  Rendered /home/matanskii/.rbenv/versions/2.1.2/lib/ruby/gems/2.1.0/gems/actionpack-4.1.1/lib/action_dispatch/middleware/templates/routes/_table.html.erb (5.6ms)
  Rendered /home/matanskii/.rbenv/versions/2.1.2/lib/ruby/gems/2.1.0/gems/actionpack-4.1.1/lib/action_dispatch/middleware/templates/rescues/routing_error.html.erb within rescues/layout (108.8ms)


Started GET "/search" for 127.0.0.1 at 2015-12-16 11:04:46 -0500
Processing by SearchController#welcome as HTML
  Rendered search/welcome.html.erb within layouts/application (10.8ms)
Completed 200 OK in 175ms (Views: 173.6ms | ActiveRecord: 0.0ms)


Started GET "/assets/search.css?body=1" for 127.0.0.1 at 2015-12-16 11:04:47 -0500


Started GET "/assets/application.css?body=1" for 127.0.0.1 at 2015-12-16 11:04:47 -0500


Started GET "/assets/jquery.js?body=1" for 127.0.0.1 at 2015-12-16 11:04:47 -0500


Started GET "/assets/jquery_ujs.js?body=1" for 127.0.0.1 at 2015-12-16 11:04:47 -0500


Started GET "/assets/turbolinks.js?body=1" for 127.0.0.1 at 2015-12-16 11:04:47 -0500


Started GET "/assets/search.js?body=1" for 127.0.0.1 at 2015-12-16 11:04:47 -0500


Started GET "/assets/application.js?body=1" for 127.0.0.1 at 2015-12-16 11:04:47 -0500


Started POST "/search" for 127.0.0.1 at 2015-12-16 11:04:54 -0500
Processing by SearchController#search_twitter as HTML
  Parameters: {"utf8"=>"✓", "authenticity_token"=>"FEduepdRqF9G/O8egom/ngRwbzecvGq0TaZo9DzEQHQ=", "search"=>{"username"=>"", "text"=>"fre\r\n"}, "commit"=>"Save Search"}
Completed 500 Internal Server Error in 12ms

NameError (uninitialized constant SearchController::TwitterSearch):
  app/controllers/search_controller.rb:9:in `search_twitter'


  Rendered /home/matanskii/.rbenv/versions/2.1.2/lib/ruby/gems/2.1.0/gems/actionpack-4.1.1/lib/action_dispatch/middleware/templates/rescues/_source.erb (8.7ms)
  Rendered /home/matanskii/.rbenv/versions/2.1.2/lib/ruby/gems/2.1.0/gems/actionpack-4.1.1/lib/action_dispatch/middleware/templates/rescues/_trace.html.erb (3.7ms)
  Rendered /home/matanskii/.rbenv/versions/2.1.2/lib/ruby/gems/2.1.0/gems/actionpack-4.1.1/lib/action_dispatch/middleware/templates/rescues/_request_and_response.html.erb (9.1ms)
  Rendered /home/matanskii/.rbenv/versions/2.1.2/lib/ruby/gems/2.1.0/gems/actionpack-4.1.1/lib/action_dispatch/middleware/templates/rescues/diagnostics.erb within rescues/layout (84.0ms)


Started GET "/search" for 127.0.0.1 at 2015-12-16 11:05:24 -0500

LoadError (cannot load such file -- twitter_search):
  app/controllers/search_controller.rb:1:in `<top (required)>'


  Rendered /home/matanskii/.rbenv/versions/2.1.2/lib/ruby/gems/2.1.0/gems/actionpack-4.1.1/lib/action_dispatch/middleware/templates/rescues/_source.erb (2.2ms)
  Rendered /home/matanskii/.rbenv/versions/2.1.2/lib/ruby/gems/2.1.0/gems/actionpack-4.1.1/lib/action_dispatch/middleware/templates/rescues/_trace.html.erb (5.0ms)
  Rendered /home/matanskii/.rbenv/versions/2.1.2/lib/ruby/gems/2.1.0/gems/actionpack-4.1.1/lib/action_dispatch/middleware/templates/rescues/_request_and_response.html.erb (5.6ms)
  Rendered /home/matanskii/.rbenv/versions/2.1.2/lib/ruby/gems/2.1.0/gems/actionpack-4.1.1/lib/action_dispatch/middleware/templates/rescues/diagnostics.erb within rescues/layout (90.4ms)
